{
  "stats": {
    "suites": 1,
    "tests": 1,
    "passes": 1,
    "pending": 0,
    "failures": 0,
    "start": "2023-12-19T22:30:19.501Z",
    "end": "2023-12-19T22:30:19.529Z",
    "duration": 28,
    "testsRegistered": 1,
    "passPercent": 100,
    "pendingPercent": 0,
    "other": 0,
    "hasOther": false,
    "skipped": 0,
    "hasSkipped": false
  },
  "results": [
    {
      "uuid": "cc6a8e98-4bc5-49cd-ac97-ff25a0d6adc2",
      "title": "",
      "fullFile": "/home/ubuntu/API/devops/testapp/index.js",
      "file": "/index.js",
      "beforeHooks": [],
      "afterHooks": [],
      "tests": [],
      "suites": [
        {
          "uuid": "52fdd307-1d31-4168-9a94-9ef7a1b7657a",
          "title": "/getmessage.php",
          "fullFile": "/home/ubuntu/API/devops/testapp/index.js",
          "file": "/index.js",
          "beforeHooks": [],
          "afterHooks": [],
          "tests": [
            {
              "title": "it should GET the hello message",
              "fullTitle": "/getmessage.php it should GET the hello message",
              "timedOut": false,
              "duration": 20,
              "state": "passed",
              "speed": "fast",
              "pass": true,
              "fail": false,
              "pending": false,
              "context": null,
              "code": "chai.request(server)\n    .get('/getmessage.php')\n//            .send(book)\n    .end((err, res) => {\n        if (err) {\n            console.log('Response status:', err.status);\n            console.log('Response body:', err.body);\n        }\n        res.should.have.status(200);\n        res.body.should.be.a('object');\n        res.body.should.have.property('response');\n        res.body.response.should.eql('hello');\n//                res.body.should.have.property.eql('hello');\n        done();\n   });",
              "err": {},
              "uuid": "54aca992-8e9a-4f4d-a547-48af12d191ee",
              "parentUUID": "52fdd307-1d31-4168-9a94-9ef7a1b7657a",
              "isHook": false,
              "skipped": false
            }
          ],
          "suites": [],
          "passes": [
            "54aca992-8e9a-4f4d-a547-48af12d191ee"
          ],
          "failures": [],
          "pending": [],
          "skipped": [],
          "duration": 20,
          "root": false,
          "rootEmpty": false,
          "_timeout": 2000
        }
      ],
      "passes": [],
      "failures": [],
      "pending": [],
      "skipped": [],
      "duration": 0,
      "root": true,
      "rootEmpty": true,
      "_timeout": 2000
    }
  ],
  "meta": {
    "mocha": {
      "version": "10.2.0"
    },
    "mochawesome": {
      "options": {
        "quiet": false,
        "reportFilename": "mochawesome",
        "saveHtml": true,
        "saveJson": true,
        "consoleReporter": "spec",
        "useInlineDiffs": false,
        "code": true
      },
      "version": "7.1.3"
    },
    "marge": {
      "options": null,
      "version": "6.2.0"
    }
  }
}